<?xml version="1.0" encoding="UTF-8"?>
<testsuite xmlns:xsi="http://www.w3.org/2001/XMLSchema-instance" xsi:noNamespaceSchemaLocation="https://maven.apache.org/surefire/maven-surefire-plugin/xsd/surefire-test-report-3.0.xsd" version="3.0" name="test.elements.SubnetMaskTest" time="0.043" tests="19" errors="0" skipped="0" failures="0">
  <properties>
[...]
</properties>
  <testcase name="testFromShorts24" classname="test.elements.SubnetMaskTest" time="0.002"/>
  <testcase name="testFromShorts30" classname="test.elements.SubnetMaskTest" time="0.003"/>
  <testcase name="testFromSlashNotation8" classname="test.elements.SubnetMaskTest" time="0.002"/>
  <testcase name="testFromShortsInvalidGreater255" classname="test.elements.SubnetMaskTest" time="0.003"/>
  <testcase name="testFromStringSlash24" classname="test.elements.SubnetMaskTest" time="0.002"/>
  <testcase name="testFromStringSlash30" classname="test.elements.SubnetMaskTest" time="0.001"/>
  <testcase name="testFromSlashNotationInvalid" classname="test.elements.SubnetMaskTest" time="0.001"/>
  <testcase name="testFromStringInvalidGreater255" classname="test.elements.SubnetMaskTest" time="0.002"/>
  <testcase name="testFromString24" classname="test.elements.SubnetMaskTest" time="0.001"/>
  <testcase name="testFromString30" classname="test.elements.SubnetMaskTest" time="0.0"/>
  <testcase name="testFromStringInvalidFound1After0" classname="test.elements.SubnetMaskTest" time="0.001"/>
  <testcase name="testFromStringSlash8" classname="test.elements.SubnetMaskTest" time="0.001"/>
  <testcase name="testFromStringInvalidSlash33" classname="test.elements.SubnetMaskTest" time="0.001"/>
  <testcase name="testEquals" classname="test.elements.SubnetMaskTest" time="0.0"/>
  <testcase name="testFromShorts8" classname="test.elements.SubnetMaskTest" time="0.002"/>
  <testcase name="testFromShortsInvalidFound1After0" classname="test.elements.SubnetMaskTest" time="0.001"/>
  <testcase name="testFromString8" classname="test.elements.SubnetMaskTest" time="0.001"/>
  <testcase name="testFromSlashNotation24" classname="test.elements.SubnetMaskTest" time="0.001"/>
  <testcase name="testFromSlashNotation30" classname="test.elements.SubnetMaskTest" time="0.0"/>
</testsuite>